<?xml version="1.0" encoding="UTF-8"?>
<!-- Generated by org.testng.reporters.JUnitReportReporter -->
<testsuite hostname="DESKTOP-6404B63" failures="0" tests="1" name="com.AssignmentforSDET_CAWStudios.tests.ScenarioTest" time="7.801" errors="0" timestamp="25 Oct 2023 11:25:24 GMT" skipped="0">
  <testcase classname="com.AssignmentforSDET_CAWStudios.tests.ScenarioTest" name="Help" time="7.801"/>
</testsuite> <!-- com.AssignmentforSDET_CAWStudios.tests.ScenarioTest -->
