<?xml version="1.0" encoding="UTF-8"?>
<!-- Generated by org.testng.reporters.JUnitReportReporter -->
<testsuite hostname="DESKTOP-6404B63" failures="0" tests="1" name="com.AssignmentforSDET_CAWStudios.tests.ScenarioTest" time="6.835" errors="0" timestamp="25 Oct 2023 10:48:33 GMT" skipped="0">
  <testcase classname="com.AssignmentforSDET_CAWStudios.tests.ScenarioTest" name="Help" time="6.835"/>
</testsuite> <!-- com.AssignmentforSDET_CAWStudios.tests.ScenarioTest -->
